<?xml version="1.0" encoding="UTF-8"?>
<!-- Generated by org.testng.reporters.JUnitXMLReporter -->
<testsuite ignored="0" hostname="LAPTOP-13282JMO" failures="0" tests="4" name="Project1" time="6.67" errors="0" timestamp="2024-08-24T19:31:15 IST">
  <testcase classname="Assigment" name="invalidEmailAndValidPassword" time="3.662"/>
  <testcase classname="Assigment" name="nocredentials" time="0.287"/>
  <testcase classname="Assigment" name="validUserName_InvalidPasswor" time="1.314"/>
  <testcase classname="Assigment" name="valid_UserName_And_ValidPassword" time="1.367"/>
</testsuite> <!-- Project1 -->
